This is pdfTeX, Version 3.14159265-2.6-1.40.20 (TeX Live 2019/Arch Linux) (preloaded format=pdflatex 2019.7.16)  16 AUG 2019 17:37
entering extended mode
 restricted \write18 enabled.
 %&-line parsing enabled.
**ABM-Workshop-CSEE2019
(./ABM-Workshop-CSEE2019.tex
LaTeX2e <2018-12-01>
(/usr/share/texmf-dist/tex/latex/base/article.cls
Document Class: article 2018/09/03 v1.4i Standard LaTeX document class
(/usr/share/texmf-dist/tex/latex/base/size11.clo
File: size11.clo 2018/09/03 v1.4i Standard LaTeX file (size option)
)
\c@part=\count80
\c@section=\count81
\c@subsection=\count82
\c@subsubsection=\count83
\c@paragraph=\count84
\c@subparagraph=\count85
\c@figure=\count86
\c@table=\count87
\abovecaptionskip=\skip41
\belowcaptionskip=\skip42
\bibindent=\dimen102
)
(/usr/share/texmf-dist/tex/latex/geometry/geometry.sty
Package: geometry 2018/04/16 v5.8 Page Geometry

(/usr/share/texmf-dist/tex/latex/graphics/keyval.sty
Package: keyval 2014/10/28 v1.15 key=value parser (DPC)
\KV@toks@=\toks14
)
(/usr/share/texmf-dist/tex/generic/oberdiek/ifpdf.sty
Package: ifpdf 2018/09/07 v3.3 Provides the ifpdf switch
)
(/usr/share/texmf-dist/tex/generic/oberdiek/ifvtex.sty
Package: ifvtex 2016/05/16 v1.6 Detect VTeX and its facilities (HO)
Package ifvtex Info: VTeX not detected.
)
(/usr/share/texmf-dist/tex/generic/ifxetex/ifxetex.sty
Package: ifxetex 2010/09/12 v0.6 Provides ifxetex conditional
)
\Gm@cnth=\count88
\Gm@cntv=\count89
\c@Gm@tempcnt=\count90
\Gm@bindingoffset=\dimen103
\Gm@wd@mp=\dimen104
\Gm@odd@mp=\dimen105
\Gm@even@mp=\dimen106
\Gm@layoutwidth=\dimen107
\Gm@layoutheight=\dimen108
\Gm@layouthoffset=\dimen109
\Gm@layoutvoffset=\dimen110
\Gm@dimlist=\toks15
)
(/usr/share/texmf-dist/tex/latex/parskip/parskip.sty
Package: parskip 2019-01-16 v2.0c non-zero parskip adjustments

(/usr/share/texmf-dist/tex/latex/oberdiek/kvoptions.sty
Package: kvoptions 2016/05/16 v3.12 Key value format for package options (HO)

(/usr/share/texmf-dist/tex/generic/oberdiek/ltxcmds.sty
Package: ltxcmds 2016/05/16 v1.23 LaTeX kernel commands for general use (HO)
)
(/usr/share/texmf-dist/tex/generic/oberdiek/kvsetkeys.sty
Package: kvsetkeys 2016/05/16 v1.17 Key value parser (HO)

(/usr/share/texmf-dist/tex/generic/oberdiek/infwarerr.sty
Package: infwarerr 2016/05/16 v1.4 Providing info/warning/error messages (HO)
)
(/usr/share/texmf-dist/tex/generic/oberdiek/etexcmds.sty
Package: etexcmds 2016/05/16 v1.6 Avoid name clashes with e-TeX commands (HO)

(/usr/share/texmf-dist/tex/generic/oberdiek/ifluatex.sty
Package: ifluatex 2016/05/16 v1.4 Provides the ifluatex switch (HO)
Package ifluatex Info: LuaTeX not detected.
))))
(/usr/share/texmf-dist/tex/latex/etoolbox/etoolbox.sty
Package: etoolbox 2018/08/19 v2.5f e-TeX tools for LaTeX (JAW)
\etb@tempcnta=\count91
))
(/usr/share/texmf-dist/tex/latex/graphics/graphicx.sty
Package: graphicx 2017/06/01 v1.1a Enhanced LaTeX Graphics (DPC,SPQR)

(/usr/share/texmf-dist/tex/latex/graphics/graphics.sty
Package: graphics 2017/06/25 v1.2c Standard LaTeX Graphics (DPC,SPQR)

(/usr/share/texmf-dist/tex/latex/graphics/trig.sty
Package: trig 2016/01/03 v1.10 sin cos tan (DPC)
)
(/usr/share/texmf-dist/tex/latex/graphics-cfg/graphics.cfg
File: graphics.cfg 2016/06/04 v1.11 sample graphics configuration
)
Package graphics Info: Driver file: pdftex.def on input line 99.

(/usr/share/texmf-dist/tex/latex/graphics-def/pdftex.def
File: pdftex.def 2018/01/08 v1.0l Graphics/color driver for pdftex
))
\Gin@req@height=\dimen111
\Gin@req@width=\dimen112
)
(/usr/share/texmf-dist/tex/latex/amsfonts/amssymb.sty
Package: amssymb 2013/01/14 v3.01 AMS font symbols

(/usr/share/texmf-dist/tex/latex/amsfonts/amsfonts.sty
Package: amsfonts 2013/01/14 v3.01 Basic AMSFonts support
\@emptytoks=\toks16
\symAMSa=\mathgroup4
\symAMSb=\mathgroup5
LaTeX Font Info:    Overwriting math alphabet `\mathfrak' in version `bold'
(Font)                  U/euf/m/n --> U/euf/b/n on input line 106.
))
(/usr/share/texmf-dist/tex/latex/tools/afterpage.sty
Package: afterpage 2014/10/28 v1.08 After-Page Package (DPC)
\AP@output=\toks17
\AP@partial=\box27
\AP@footins=\box28
)
(/usr/share/texmf-dist/tex/latex/natbib/natbib.sty
Package: natbib 2010/09/13 8.31b (PWD, AO)
\bibhang=\skip43
\bibsep=\skip44
LaTeX Info: Redefining \cite on input line 694.
\c@NAT@ctr=\count92
)
(/usr/share/texmf-dist/tex/latex/hyperref/hyperref.sty
Package: hyperref 2018/11/30 v6.88e Hypertext links for LaTeX

(/usr/share/texmf-dist/tex/generic/oberdiek/hobsub-hyperref.sty
Package: hobsub-hyperref 2016/05/16 v1.14 Bundle oberdiek, subset hyperref (HO)


(/usr/share/texmf-dist/tex/generic/oberdiek/hobsub-generic.sty
Package: hobsub-generic 2016/05/16 v1.14 Bundle oberdiek, subset generic (HO)
Package: hobsub 2016/05/16 v1.14 Construct package bundles (HO)
Package hobsub Info: Skipping package `infwarerr' (already loaded).
Package hobsub Info: Skipping package `ltxcmds' (already loaded).
Package hobsub Info: Skipping package `ifluatex' (already loaded).
Package hobsub Info: Skipping package `ifvtex' (already loaded).
Package: intcalc 2016/05/16 v1.2 Expandable calculations with integers (HO)
Package hobsub Info: Skipping package `ifpdf' (already loaded).
Package hobsub Info: Skipping package `etexcmds' (already loaded).
Package hobsub Info: Skipping package `kvsetkeys' (already loaded).
Package: kvdefinekeys 2016/05/16 v1.4 Define keys (HO)
Package: pdftexcmds 2018/09/10 v0.29 Utility functions of pdfTeX for LuaTeX (HO
)
Package pdftexcmds Info: LuaTeX not detected.
Package pdftexcmds Info: \pdf@primitive is available.
Package pdftexcmds Info: \pdf@ifprimitive is available.
Package pdftexcmds Info: \pdfdraftmode found.
Package: pdfescape 2016/05/16 v1.14 Implements pdfTeX's escape features (HO)
Package: bigintcalc 2016/05/16 v1.4 Expandable calculations on big integers (HO
)
Package: bitset 2016/05/16 v1.2 Handle bit-vector datatype (HO)
Package: uniquecounter 2016/05/16 v1.3 Provide unlimited unique counter (HO)
)
Package hobsub Info: Skipping package `hobsub' (already loaded).
Package: letltxmacro 2016/05/16 v1.5 Let assignment for LaTeX macros (HO)
Package: hopatch 2016/05/16 v1.3 Wrapper for package hooks (HO)
Package: xcolor-patch 2016/05/16 xcolor patch
Package: atveryend 2016/05/16 v1.9 Hooks at the very end of document (HO)
Package: atbegshi 2016/06/09 v1.18 At begin shipout hook (HO)
Package: refcount 2016/05/16 v3.5 Data extraction from label references (HO)
Package: hycolor 2016/05/16 v1.8 Color options for hyperref/bookmark (HO)
)
(/usr/share/texmf-dist/tex/latex/oberdiek/auxhook.sty
Package: auxhook 2016/05/16 v1.4 Hooks for auxiliary files (HO)
)
\@linkdim=\dimen113
\Hy@linkcounter=\count93
\Hy@pagecounter=\count94

(/usr/share/texmf-dist/tex/latex/hyperref/pd1enc.def
File: pd1enc.def 2018/11/30 v6.88e Hyperref: PDFDocEncoding definition (HO)
Now handling font encoding PD1 ...
... no UTF-8 mapping file for font encoding PD1
)
\Hy@SavedSpaceFactor=\count95

(/usr/share/texmf-dist/tex/latex/latexconfig/hyperref.cfg
File: hyperref.cfg 2002/06/06 v1.2 hyperref configuration of TeXLive
)
Package hyperref Info: Hyper figures OFF on input line 4519.
Package hyperref Info: Link nesting OFF on input line 4524.
Package hyperref Info: Hyper index ON on input line 4527.
Package hyperref Info: Plain pages OFF on input line 4534.
Package hyperref Info: Backreferencing OFF on input line 4539.
Package hyperref Info: Implicit mode ON; LaTeX internals redefined.
Package hyperref Info: Bookmarks ON on input line 4772.
\c@Hy@tempcnt=\count96

(/usr/share/texmf-dist/tex/latex/url/url.sty
\Urlmuskip=\muskip10
Package: url 2013/09/16  ver 3.4  Verb mode for urls, etc.
)
LaTeX Info: Redefining \url on input line 5125.
\XeTeXLinkMargin=\dimen114
\Fld@menulength=\count97
\Field@Width=\dimen115
\Fld@charsize=\dimen116
Package hyperref Info: Hyper figures OFF on input line 6380.
Package hyperref Info: Link nesting OFF on input line 6385.
Package hyperref Info: Hyper index ON on input line 6388.
Package hyperref Info: backreferencing OFF on input line 6395.
Package hyperref Info: Link coloring OFF on input line 6400.
Package hyperref Info: Link coloring with OCG OFF on input line 6405.
Package hyperref Info: PDF/A mode OFF on input line 6410.
LaTeX Info: Redefining \ref on input line 6450.
LaTeX Info: Redefining \pageref on input line 6454.
\Hy@abspage=\count98
\c@Item=\count99
\c@Hfootnote=\count100
)
Package hyperref Info: Driver (autodetected): hpdftex.

(/usr/share/texmf-dist/tex/latex/hyperref/hpdftex.def
File: hpdftex.def 2018/11/30 v6.88e Hyperref driver for pdfTeX
\Fld@listcount=\count101
\c@bookmark@seq@number=\count102

(/usr/share/texmf-dist/tex/latex/oberdiek/rerunfilecheck.sty
Package: rerunfilecheck 2016/05/16 v1.8 Rerun checks for auxiliary files (HO)
Package uniquecounter Info: New unique counter `rerunfilecheck' on input line 2
82.
)
\Hy@SectionHShift=\skip45
)
(/usr/share/texmf-dist/tex/latex/placeins/placeins.sty
Package: placeins 2005/04/18  v 2.2
)
(/usr/share/texmf-dist/tex/latex/caption/subcaption.sty
Package: subcaption 2018/05/01 v1.1-162 Sub-captions (AR)

(/usr/share/texmf-dist/tex/latex/caption/caption.sty
Package: caption 2018/10/06 v3.3-154 Customizing captions (AR)

(/usr/share/texmf-dist/tex/latex/caption/caption3.sty
Package: caption3 2018/09/12 v1.8c caption3 kernel (AR)
Package caption3 Info: TeX engine: e-TeX on input line 64.
\captionmargin=\dimen117
\captionmargin@=\dimen118
\captionwidth=\dimen119
\caption@tempdima=\dimen120
\caption@indent=\dimen121
\caption@parindent=\dimen122
\caption@hangindent=\dimen123
)
\c@caption@flags=\count103
\c@ContinuedFloat=\count104
Package caption Info: hyperref package is loaded.
)
\c@subfigure=\count105
\c@subtable=\count106
)
(./ABM-Workshop-CSEE2019.aux)
\openout1 = `ABM-Workshop-CSEE2019.aux'.

LaTeX Font Info:    Checking defaults for OML/cmm/m/it on input line 22.
LaTeX Font Info:    ... okay on input line 22.
LaTeX Font Info:    Checking defaults for T1/cmr/m/n on input line 22.
LaTeX Font Info:    ... okay on input line 22.
LaTeX Font Info:    Checking defaults for OT1/cmr/m/n on input line 22.
LaTeX Font Info:    ... okay on input line 22.
LaTeX Font Info:    Checking defaults for OMS/cmsy/m/n on input line 22.
LaTeX Font Info:    ... okay on input line 22.
LaTeX Font Info:    Checking defaults for OMX/cmex/m/n on input line 22.
LaTeX Font Info:    ... okay on input line 22.
LaTeX Font Info:    Checking defaults for U/cmr/m/n on input line 22.
LaTeX Font Info:    ... okay on input line 22.
LaTeX Font Info:    Checking defaults for PD1/pdf/m/n on input line 22.
LaTeX Font Info:    ... okay on input line 22.

*geometry* driver: auto-detecting
*geometry* detected driver: pdftex
*geometry* verbose mode - [ preamble ] result:
* driver: pdftex
* paper: letterpaper
* layout: <same size as paper>
* layoutoffset:(h,v)=(0.0pt,0.0pt)
* modes: 
* h-part:(L,W,R)=(80.5809pt, 453.1332pt, 80.5809pt)
* v-part:(T,H,B)=(37.86938pt, 700.29646pt, 56.80414pt)
* \paperwidth=614.295pt
* \paperheight=794.96999pt
* \textwidth=453.1332pt
* \textheight=700.29646pt
* \oddsidemargin=8.31091pt
* \evensidemargin=8.31091pt
* \topmargin=-71.4006pt
* \headheight=12.0pt
* \headsep=25.0pt
* \topskip=11.0pt
* \footskip=30.0pt
* \marginparwidth=59.0pt
* \marginparsep=10.0pt
* \columnsep=10.0pt
* \skip\footins=10.0pt plus 4.0pt minus 2.0pt
* \hoffset=0.0pt
* \voffset=0.0pt
* \mag=1000
* \@twocolumnfalse
* \@twosidefalse
* \@mparswitchfalse
* \@reversemarginfalse
* (1in=72.27pt=25.4mm, 1cm=28.453pt)

(/usr/share/texmf-dist/tex/context/base/mkii/supp-pdf.mkii
[Loading MPS to PDF converter (version 2006.09.02).]
\scratchcounter=\count107
\scratchdimen=\dimen124
\scratchbox=\box29
\nofMPsegments=\count108
\nofMParguments=\count109
\everyMPshowfont=\toks18
\MPscratchCnt=\count110
\MPscratchDim=\dimen125
\MPnumerator=\count111
\makeMPintoPDFobject=\count112
\everyMPtoPDFconversion=\toks19
) (/usr/share/texmf-dist/tex/latex/oberdiek/epstopdf-base.sty
Package: epstopdf-base 2016/05/15 v2.6 Base part for package epstopdf

(/usr/share/texmf-dist/tex/latex/oberdiek/grfext.sty
Package: grfext 2016/05/16 v1.2 Manage graphics extensions (HO)
)
Package epstopdf-base Info: Redefining graphics rule for `.eps' on input line 4
38.
Package grfext Info: Graphics extension search list:
(grfext)             [.pdf,.png,.jpg,.mps,.jpeg,.jbig2,.jb2,.PDF,.PNG,.JPG,.JPE
G,.JBIG2,.JB2,.eps]
(grfext)             \AppendGraphicsExtensions on input line 456.

(/usr/share/texmf-dist/tex/latex/latexconfig/epstopdf-sys.cfg
File: epstopdf-sys.cfg 2010/07/13 v1.3 Configuration of (r)epstopdf for TeX Liv
e
))
\AtBeginShipoutBox=\box30
Package hyperref Info: Link coloring OFF on input line 22.

(/usr/share/texmf-dist/tex/latex/hyperref/nameref.sty
Package: nameref 2016/05/21 v2.44 Cross-referencing by name of section

(/usr/share/texmf-dist/tex/generic/oberdiek/gettitlestring.sty
Package: gettitlestring 2016/05/16 v1.5 Cleanup title references (HO)
)
\c@section@level=\count113
)
LaTeX Info: Redefining \ref on input line 22.
LaTeX Info: Redefining \pageref on input line 22.
LaTeX Info: Redefining \nameref on input line 22.

(./ABM-Workshop-CSEE2019.out) (./ABM-Workshop-CSEE2019.out)
\@outlinefile=\write3
\openout3 = `ABM-Workshop-CSEE2019.out'.

Package caption Info: Begin \AtBeginDocument code.
Package caption Info: End \AtBeginDocument code.
LaTeX Font Info:    Try loading font information for U+msa on input line 24.

(/usr/share/texmf-dist/tex/latex/amsfonts/umsa.fd
File: umsa.fd 2013/01/14 v3.01 AMS symbols A
)
LaTeX Font Info:    Try loading font information for U+msb on input line 24.

(/usr/share/texmf-dist/tex/latex/amsfonts/umsb.fd
File: umsb.fd 2013/01/14 v3.01 AMS symbols B
)
Overfull \hbox (32.22304pt too wide) in paragraph at lines 24--24
 [][] 
 []

(./ABM-Workshop-CSEE2019.toc
Overfull \hbox (2.88942pt too wide) detected at line 14
\OT1/cmr/bx/n/10.95 A.1 
 []

)
\tf@toc=\write4
\openout4 = `ABM-Workshop-CSEE2019.toc'.

 [1

{/var/lib/texmf/fonts/map/pdftex/updmap/pdftex.map}] [2]
Overfull \hbox (41.34294pt too wide) in paragraph at lines 52--61
 [] 
 []


Overfull \hbox (10.24614pt too wide) in paragraph at lines 65--66
[]\OT1/cmr/m/n/10.95 Therefore, for our predator-prey ABM as de-scribed above, 
in Gille-spie's no-ta-tion, $\OML/cmm/m/it/10.95 ^^V \OMS/cmsy/m/n/10.95 2 f\OT
1/cmr/m/n/10.95 1\OML/cmm/m/it/10.95 ; \OT1/cmr/m/n/10.95 2\OML/cmm/m/it/10.95 
; \OT1/cmr/m/n/10.95 3\OML/cmm/m/it/10.95 ; \OT1/cmr/m/n/10.95 4\OML/cmm/m/it/1
0.95 ; \OT1/cmr/m/n/10.95 5\OMS/cmsy/m/n/10.95 g\OML/cmm/m/it/10.95 ;$
 []

[3]
Overfull \hbox (19.06859pt too wide) in paragraph at lines 112--113
[]\OT1/cmr/m/n/10.95 An R script that makes fig-ures by call-ing to \OT1/cmtt/m
/n/10.95 Rosenzweig-MacArthurSSA.R\OT1/cmr/m/n/10.95 .
 []

<setup.pdf, id=140, 794.97pt x 614.295pt>
File: setup.pdf Graphic file (type pdf)
<use setup.pdf>
Package pdftex.def Info: setup.pdf  used on input line 120.
(pdftex.def)             Requested size: 220.92824pt x 170.71652pt.
<populations.pdf, id=141, 245.68097pt x 140.72997pt>
File: populations.pdf Graphic file (type pdf)
<use populations.pdf>
Package pdftex.def Info: populations.pdf  used on input line 129.
(pdftex.def)             Requested size: 181.25395pt x 103.82716pt.
<time.pdf, id=142, 250.0267pt x 140.87pt>
File: time.pdf Graphic file (type pdf)
<use time.pdf>
Package pdftex.def Info: time.pdf  used on input line 133.
(pdftex.def)             Requested size: 158.59592pt x 89.35901pt.
[4 <./setup.pdf, page is rotated 90 degrees>]
<parameters.pdf, id=169, 235.82956pt x 127.07153pt>
File: parameters.pdf Graphic file (type pdf)
<use parameters.pdf>
Package pdftex.def Info: parameters.pdf  used on input line 141.
(pdftex.def)             Requested size: 158.41519pt x 85.35826pt.
<top.pdf, id=170, 429.79115pt x 117.21802pt>
File: top.pdf Graphic file (type pdf)
<use top.pdf>
Package pdftex.def Info: top.pdf  used on input line 147.
(pdftex.def)             Requested size: 208.65175pt x 56.9055pt.
<code1.pdf, id=171, 295.55739pt x 125.47246pt>
File: code1.pdf Graphic file (type pdf)
<use code1.pdf>
Package pdftex.def Info: code1.pdf  used on input line 153.
(pdftex.def)             Requested size: 201.07106pt x 85.35826pt.
<default.pdf, id=172, 487.0906pt x 257.71051pt>
File: default.pdf Graphic file (type pdf)
<use default.pdf>
Package pdftex.def Info: default.pdf  used on input line 162.
(pdftex.def)             Requested size: 226.56659pt x 119.87346pt.
<changed.pdf, id=173, 414.2473pt x 267.43893pt>
File: changed.pdf Graphic file (type pdf)
<use changed.pdf>
Package pdftex.def Info: changed.pdf  used on input line 166.
(pdftex.def)             Requested size: 226.56659pt x 146.27571pt.
 [5 <./populations.pdf> <./time.pdf> <./parameters.pdf> <./top.pdf> <./code1.pd
f>]
<table.pdf, id=246, 406.42348pt x 239.02147pt>
File: table.pdf Graphic file (type pdf)
<use table.pdf>
Package pdftex.def Info: table.pdf  used on input line 176.
(pdftex.def)             Requested size: 181.25395pt x 106.59581pt.
<save.pdf, id=247, 352.1421pt x 190.19066pt>
File: save.pdf Graphic file (type pdf)
<use save.pdf>
Package pdftex.def Info: save.pdf  used on input line 181.
(pdftex.def)             Requested size: 158.59592pt x 85.65465pt.
<path.pdf, id=249, 702.01622pt x 19.57603pt>
File: path.pdf Graphic file (type pdf)
<use path.pdf>
Package pdftex.def Info: path.pdf  used on input line 188.
(pdftex.def)             Requested size: 510.18596pt x 14.22636pt.

Overfull \hbox (57.05276pt too wide) in paragraph at lines 188--189
[][] 
 []

<parameters2.pdf, id=252, 233.17424pt x 116.64127pt>
File: parameters2.pdf Graphic file (type pdf)
<use parameters2.pdf>
Package pdftex.def Info: parameters2.pdf  used on input line 195.
(pdftex.def)             Requested size: 170.6356pt x 85.35826pt.
<R_Analysis.pdf, id=253, 660.23206pt x 492.19084pt>
File: R_Analysis.pdf Graphic file (type pdf)
<use R_Analysis.pdf>
Package pdftex.def Info: R_Analysis.pdf  used on input line 204.
(pdftex.def)             Requested size: 381.6655pt x 284.52756pt.
[6 <./default.pdf> <./changed.pdf> <./table.pdf> <./save.pdf> <./path.pdf, page
 is rotated 90 degrees> <./parameters2.pdf>] [7 <./R_Analysis.pdf, page is rota
ted 90 degrees>] [8] [9] [10]
<sato3.pdf, id=441, 794.97pt x 614.295pt>
File: sato3.pdf Graphic file (type pdf)
<use sato3.pdf>
Package pdftex.def Info: sato3.pdf  used on input line 335.
(pdftex.def)             Requested size: 441.85648pt x 341.43306pt.
<NetlogoBeta4.pdf, id=450, 614.295pt x 794.97pt>
File: NetlogoBeta4.pdf Graphic file (type pdf)
<use NetlogoBeta4.pdf>
Package pdftex.def Info: NetlogoBeta4.pdf  used on input line 343.
(pdftex.def)             Requested size: 249.22462pt x 322.5312pt.

Overfull \hbox (22.65804pt too wide) in paragraph at lines 343--344
 [][] 
 []

<NetlogoBeta1.pdf, id=451, 478.33897pt x 450.1327pt>
File: NetlogoBeta1.pdf Graphic file (type pdf)
<use NetlogoBeta1.pdf>
Package pdftex.def Info: NetlogoBeta1.pdf  used on input line 347.
(pdftex.def)             Requested size: 215.23756pt x 202.5441pt.
<closure_comp.pdf, id=452, 524.96124pt x 395.4775pt>
File: closure_comp.pdf Graphic file (type pdf)
<use closure_comp.pdf>
Package pdftex.def Info: closure_comp.pdf  used on input line 354.
(pdftex.def)             Requested size: 453.22813pt x 341.43306pt.
[11 <./Sato3.pdf>] [12 <./NetlogoBeta4.pdf> <./NetlogoBeta1.pdf, page is rotate
d 90 degrees>] [13 <./closure_comp.pdf>] [14]pdfTeX warning (ext4): destination
 with the same identifier (name{section.1}) has been already used, duplicate ig
nored
<to be read again> 
                   \relax 
l.391 \section{Appendix}
                        \label{sec:Appendix}
<workaround.pdf, id=533, 708.42064pt x 150.48822pt>
File: workaround.pdf Graphic file (type pdf)
<use workaround.pdf>
Package pdftex.def Info: workaround.pdf  used on input line 406.
(pdftex.def)             Requested size: 401.82579pt x 85.35826pt.
 [15 <./workaround.pdf, page is rotated 90 degrees>]
Package atveryend Info: Empty hook `BeforeClearDocument' on input line 428.
 [16]
Package atveryend Info: Empty hook `AfterLastShipout' on input line 428.
 (./ABM-Workshop-CSEE2019.aux)
Package atveryend Info: Executing hook `AtVeryEndDocument' on input line 428.
Package atveryend Info: Executing hook `AtEndAfterFileList' on input line 428.
Package rerunfilecheck Info: File `ABM-Workshop-CSEE2019.out' has not changed.
(rerunfilecheck)             Checksum: CC1E552F5E4800B341E526257C3A2366;1276.
 ) 
Here is how much of TeX's memory you used:
 7820 strings out of 492623
 116756 string characters out of 6135669
 221385 words of memory out of 5000000
 11546 multiletter control sequences out of 15000+600000
 14363 words of font info for 55 fonts, out of 8000000 for 9000
 1141 hyphenation exceptions out of 8191
 42i,11n,43p,1312b,402s stack positions out of 5000i,500n,10000p,200000b,80000s
</usr/share/texmf-dist/fonts/type1/public/amsfonts/cm/cmbx10.pfb></usr/share/
texmf-dist/fonts/type1/public/amsfonts/cm/cmbx12.pfb></usr/share/texmf-dist/fon
ts/type1/public/amsfonts/cm/cmex10.pfb></usr/share/texmf-dist/fonts/type1/publi
c/amsfonts/cm/cmmi10.pfb></usr/share/texmf-dist/fonts/type1/public/amsfonts/cm/
cmmi6.pfb></usr/share/texmf-dist/fonts/type1/public/amsfonts/cm/cmmi8.pfb></usr
/share/texmf-dist/fonts/type1/public/amsfonts/cm/cmr10.pfb></usr/share/texmf-di
st/fonts/type1/public/amsfonts/cm/cmr12.pfb></usr/share/texmf-dist/fonts/type1/
public/amsfonts/cm/cmr6.pfb></usr/share/texmf-dist/fonts/type1/public/amsfonts/
cm/cmr8.pfb></usr/share/texmf-dist/fonts/type1/public/amsfonts/cm/cmr9.pfb></us
r/share/texmf-dist/fonts/type1/public/amsfonts/cm/cmsy10.pfb></usr/share/texmf-
dist/fonts/type1/public/amsfonts/cm/cmsy6.pfb></usr/share/texmf-dist/fonts/type
1/public/amsfonts/cm/cmsy8.pfb></usr/share/texmf-dist/fonts/type1/public/amsfon
ts/cm/cmti10.pfb></usr/share/texmf-dist/fonts/type1/public/amsfonts/cm/cmtt10.p
fb>
Output written on ABM-Workshop-CSEE2019.pdf (16 pages, 935626 bytes).
PDF statistics:
 645 PDF objects out of 1000 (max. 8388607)
 527 compressed objects within 6 object streams
 83 named destinations out of 1000 (max. 500000)
 227 words of extra memory for PDF output out of 10000 (max. 10000000)

